<?xml version="1.0" encoding="UTF-8"?>
<!-- Generated by org.testng.reporters.JUnitXMLReporter -->
<testsuite ignored="0" hostname="IE6CLT5T2RTN3" failures="0" tests="1" name="ChromeTest" time="19.756" errors="0" timestamp="2025-04-15T17:56:23 IST">
  <testcase classname="com.bandwidth.CrossBrowserTest" name="@BeforeMethod setup" time="0.028">
    <skipped/>
  </testcase> <!-- @BeforeMethod setup -->
  <testcase classname="com.bandwidth.CrossBrowserTest" name="@AfterMethod tearDown" time="0.0">
    <skipped/>
  </testcase> <!-- @AfterMethod tearDown -->
  <testcase classname="com.bandwidth.CrossBrowserTest" name="launchSiteAndClick" time="15.008"/>
</testsuite> <!-- ChromeTest -->
