<?xml version="1.0" encoding="UTF-8"?>
<!-- Generated by org.testng.reporters.JUnitXMLReporter -->
<testsuite ignored="0" hostname="IE6CLT5T2RTN3" failures="0" tests="1" name="EdgeTest" time="20.067" errors="0" timestamp="2025-04-15T17:56:24 IST">
  <testcase classname="com.bandwidth.CrossBrowserTest" name="@BeforeMethod setup" time="0.029">
    <skipped/>
  </testcase> <!-- @BeforeMethod setup -->
  <testcase classname="com.bandwidth.CrossBrowserTest" name="@AfterMethod tearDown" time="0.0">
    <skipped/>
  </testcase> <!-- @AfterMethod tearDown -->
  <testcase classname="com.bandwidth.CrossBrowserTest" name="launchSiteAndClick" time="15.405"/>
</testsuite> <!-- EdgeTest -->
