<?xml version="1.0" encoding="UTF-8"?>
<testsuite xmlns:xsi="http://www.w3.org/2001/XMLSchema-instance" xsi:noNamespaceSchemaLocation="https://maven.apache.org/surefire/maven-surefire-plugin/xsd/surefire-test-report.xsd" version="3.0.1" name="TestSuite" time="37.475" tests="4" errors="0" skipped="0" failures="0">
  <properties>
[...]
</properties>
  <testcase name="Navigate and Click on Header About" classname="com.qmetry.qaf.automation.step.client.Scenario" time="20.735">
    <system-out><![CDATA[Added "QAFMethodSelector"
include groups []
 exclude groups: [] Scanarios location: resources/features/headers.feature 
==============  Step Name: Test-4  ==============
==============  Step Name: Test-3  ==============
==============  Step Name: Test-1  ==============
==============  Step Name: Test-2  ==============
==============  Step Desc: Given I want to navigate to website  ==============
==============  Step Desc: Given I want to navigate to website  ==============
==============  Step Desc: Given I want to navigate to website  ==============
==============  Step Desc: Given I want to navigate to website  ==============
Setting LambaTest Test Name : Chrome BDD - Test
Setting LambaTest Test Name : Chrome BDD - Test
Setting LambaTest Test Name : Chrome BDD - Test
==============  Step Name: Test-2  ==============
==============  Step Desc: And website is loaded  ==============
==============  Step Name: Test-4  ==============
==============  Step Desc: And website is loaded  ==============
==============  Step Name: Test-1  ==============
==============  Step Desc: And website is loaded  ==============
Website Loaded => Example Domain
==============  Step Name: Test-4  ==============
==============  Step Desc: When I Click on "Domains"  ==============
Website Loaded => Example Domain
==============  Step Name: Test-1  ==============
==============  Step Desc: When I Click on "About"  ==============
no such element: Unable to locate element: {"method":"xpath","selector":"//*[contains(text(),'Domains')]"}
  (Session info: chrome=136.0.7103.93)
For documentation on this error, please visit: https://www.selenium.dev/documentation/webdriver/troubleshooting/errors#no-such-element-exception
Build info: version: '4.30.0', revision: '509c7f17cc*'
System info: os.name: 'Mac OS X', os.arch: 'aarch64', os.version: '15.4.1', java.version: '11.0.27'
Driver info: com.qmetry.qaf.automation.ui.webdriver.QAFExtendedWebDriver
Command: [e19bc52545caa95d639d25396cf6062e, findElement {value=//*[contains(text(),'Domains')], using=xpath}]
Capabilities {acceptInsecureCerts: false, browserName: chrome, browserVersion: 136.0.7103.93, chrome: {chromedriverVersion: 136.0.7103.93 (d15f7e0b7b45..., userDataDir: C:\Windows\SystemTemp\scope...}, fedcm:accounts: true, goog:chromeOptions: {debuggerAddress: localhost:9225}, networkConnectionEnabled: false, pageLoadStrategy: normal, platformName: windows, proxy: Proxy(), setWindowRect: true, strictFileInteractability: false, timeouts: {implicit: 0, pageLoad: 300000, script: 30000}, unhandledPromptBehavior: dismiss and notify, webauthn:extension:credBlob: true, webauthn:extension:largeBlob: true, webauthn:extension:minPinLength: true, webauthn:extension:prf: true, webauthn:virtualAuthenticators: true}
Session ID: e19bc52545caa95d639d25396cf6062e
==============  Step Name: Test-4  ==============
==============  Step Desc: Then "Domain Name Services" is to be visible  ==============
Website Loaded => Example Domain
==============  Step Name: Test-2  ==============
==============  Step Desc: When I Click on "Numbers"  ==============
no such element: Unable to locate element: {"method":"xpath","selector":"//*[contains(text(),'About')]"}
  (Session info: chrome=136.0.7103.93)
For documentation on this error, please visit: https://www.selenium.dev/documentation/webdriver/troubleshooting/errors#no-such-element-exception
Build info: version: '4.30.0', revision: '509c7f17cc*'
System info: os.name: 'Mac OS X', os.arch: 'aarch64', os.version: '15.4.1', java.version: '11.0.27'
Driver info: com.qmetry.qaf.automation.ui.webdriver.QAFExtendedWebDriver
Command: [22190438a61afe87c58a881f6f21e0a1, findElement {value=//*[contains(text(),'About')], using=xpath}]
Capabilities {acceptInsecureCerts: false, browserName: chrome, browserVersion: 136.0.7103.93, chrome: {chromedriverVersion: 136.0.7103.93 (d15f7e0b7b45..., userDataDir: C:\Windows\SystemTemp\scope...}, fedcm:accounts: true, goog:chromeOptions: {debuggerAddress: localhost:9225}, networkConnectionEnabled: false, pageLoadStrategy: normal, platformName: windows, proxy: Proxy(), setWindowRect: true, strictFileInteractability: false, timeouts: {implicit: 0, pageLoad: 300000, script: 30000}, unhandledPromptBehavior: dismiss and notify, webauthn:extension:credBlob: true, webauthn:extension:largeBlob: true, webauthn:extension:minPinLength: true, webauthn:extension:prf: true, webauthn:virtualAuthenticators: true}
Session ID: 22190438a61afe87c58a881f6f21e0a1
==============  Step Name: Test-1  ==============
==============  Step Desc: Then "About us" is to be visible  ==============
no such element: Unable to locate element: {"method":"xpath","selector":"//*[contains(text(),'Numbers')]"}
  (Session info: chrome=136.0.7103.93)
For documentation on this error, please visit: https://www.selenium.dev/documentation/webdriver/troubleshooting/errors#no-such-element-exception
Build info: version: '4.30.0', revision: '509c7f17cc*'
System info: os.name: 'Mac OS X', os.arch: 'aarch64', os.version: '15.4.1', java.version: '11.0.27'
Driver info: com.qmetry.qaf.automation.ui.webdriver.QAFExtendedWebDriver
Command: [4c2dd4dfbfab706a1de0500dabd0d307, findElement {value=//*[contains(text(),'Numbers')], using=xpath}]
Capabilities {acceptInsecureCerts: false, browserName: chrome, browserVersion: 136.0.7103.93, chrome: {chromedriverVersion: 136.0.7103.93 (d15f7e0b7b45..., userDataDir: C:\Windows\SystemTemp\scope...}, fedcm:accounts: true, goog:chromeOptions: {debuggerAddress: localhost:9225}, networkConnectionEnabled: false, pageLoadStrategy: normal, platformName: windows, proxy: Proxy(), setWindowRect: true, strictFileInteractability: false, timeouts: {implicit: 0, pageLoad: 300000, script: 30000}, unhandledPromptBehavior: dismiss and notify, webauthn:extension:credBlob: true, webauthn:extension:largeBlob: true, webauthn:extension:minPinLength: true, webauthn:extension:prf: true, webauthn:virtualAuthenticators: true}
Session ID: 4c2dd4dfbfab706a1de0500dabd0d307
==============  Step Name: Test-2  ==============
==============  Step Desc: Then "Number Resources" is to be visible  ==============
Expected condition failed: waiting for visibility of element located by By.xpath: //*[contains(text(),'About us')] (tried for 10 second(s) with 500 milliseconds interval)
Build info: version: '4.30.0', revision: '509c7f17cc*'
System info: os.name: 'Mac OS X', os.arch: 'aarch64', os.version: '15.4.1', java.version: '11.0.27'
Driver info: com.qmetry.qaf.automation.ui.webdriver.QAFExtendedWebDriver
Capabilities {acceptInsecureCerts: false, browserName: chrome, browserVersion: 136.0.7103.93, chrome: {chromedriverVersion: 136.0.7103.93 (d15f7e0b7b45..., userDataDir: C:\Windows\SystemTemp\scope...}, fedcm:accounts: true, goog:chromeOptions: {debuggerAddress: localhost:9225}, networkConnectionEnabled: false, pageLoadStrategy: normal, platformName: windows, proxy: Proxy(), setWindowRect: true, strictFileInteractability: false, timeouts: {implicit: 0, pageLoad: 300000, script: 30000}, unhandledPromptBehavior: dismiss and notify, webauthn:extension:credBlob: true, webauthn:extension:largeBlob: true, webauthn:extension:minPinLength: true, webauthn:extension:prf: true, webauthn:virtualAuthenticators: true}
Session ID: 22190438a61afe87c58a881f6f21e0a1
Expected condition failed: waiting for visibility of element located by By.xpath: //*[contains(text(),'Number Resources')] (tried for 10 second(s) with 500 milliseconds interval)
Build info: version: '4.30.0', revision: '509c7f17cc*'
System info: os.name: 'Mac OS X', os.arch: 'aarch64', os.version: '15.4.1', java.version: '11.0.27'
Driver info: com.qmetry.qaf.automation.ui.webdriver.QAFExtendedWebDriver
Capabilities {acceptInsecureCerts: false, browserName: chrome, browserVersion: 136.0.7103.93, chrome: {chromedriverVersion: 136.0.7103.93 (d15f7e0b7b45..., userDataDir: C:\Windows\SystemTemp\scope...}, fedcm:accounts: true, goog:chromeOptions: {debuggerAddress: localhost:9225}, networkConnectionEnabled: false, pageLoadStrategy: normal, platformName: windows, proxy: Proxy(), setWindowRect: true, strictFileInteractability: false, timeouts: {implicit: 0, pageLoad: 300000, script: 30000}, unhandledPromptBehavior: dismiss and notify, webauthn:extension:credBlob: true, webauthn:extension:largeBlob: true, webauthn:extension:minPinLength: true, webauthn:extension:prf: true, webauthn:virtualAuthenticators: true}
Session ID: 4c2dd4dfbfab706a1de0500dabd0d307
]]></system-out>
    <system-err><![CDATA[SLF4J: Failed to load class "org.slf4j.impl.StaticLoggerBinder".
SLF4J: Defaulting to no-operation (NOP) logger implementation
SLF4J: See http://www.slf4j.org/codes.html#StaticLoggerBinder for further details.
Unable to get class com.qmetry.qaf.automation.step.client.TestStepExporter from jar /Users/dhakshath/Documents/BandWidth/.m2/com/qmetry/qaf/4.0.0-RC3/qaf-4.0.0-RC3.jar
Unable to get class com.qmetry.qaf.automation.step.client.TestStepExporter from jar /Users/dhakshath/Documents/BandWidth/.m2/com/qmetry/qaf/4.0.0-RC3/qaf-4.0.0-RC3.jar
Unable to get class com.qmetry.qaf.automation.step.client.TestStepExporter from jar /Users/dhakshath/Documents/BandWidth/.m2/com/qmetry/qaf/4.0.0-RC3/qaf-4.0.0-RC3.jar
Unable to get class com.qmetry.qaf.automation.step.client.TestStepExporter from jar /Users/dhakshath/Documents/BandWidth/.m2/com/qmetry/qaf/4.0.0-RC3/qaf-4.0.0-RC3.jar
May 09, 2025 6:34:26 PM org.openqa.selenium.remote.tracing.opentelemetry.OpenTelemetryTracer createTracer
INFO: Using OpenTelemetry for tracing
]]></system-err>
  </testcase>
  <testcase name="Navigate and Click on Header Numbers" classname="com.qmetry.qaf.automation.step.client.Scenario" time="20.737"/>
  <testcase name="Navigate and Click on Header Domain" classname="com.qmetry.qaf.automation.step.client.Scenario" time="20.8">
    <system-out><![CDATA[Expected condition failed: waiting for visibility of element located by By.xpath: //*[contains(text(),'Domain Name Services')] (tried for 10 second(s) with 500 milliseconds interval)
Build info: version: '4.30.0', revision: '509c7f17cc*'
System info: os.name: 'Mac OS X', os.arch: 'aarch64', os.version: '15.4.1', java.version: '11.0.27'
Driver info: com.qmetry.qaf.automation.ui.webdriver.QAFExtendedWebDriver
Capabilities {acceptInsecureCerts: false, browserName: chrome, browserVersion: 136.0.7103.93, chrome: {chromedriverVersion: 136.0.7103.93 (d15f7e0b7b45..., userDataDir: C:\Windows\SystemTemp\scope...}, fedcm:accounts: true, goog:chromeOptions: {debuggerAddress: localhost:9225}, networkConnectionEnabled: false, pageLoadStrategy: normal, platformName: windows, proxy: Proxy(), setWindowRect: true, strictFileInteractability: false, timeouts: {implicit: 0, pageLoad: 300000, script: 30000}, unhandledPromptBehavior: dismiss and notify, webauthn:extension:credBlob: true, webauthn:extension:largeBlob: true, webauthn:extension:minPinLength: true, webauthn:extension:prf: true, webauthn:virtualAuthenticators: true}
Session ID: e19bc52545caa95d639d25396cf6062e
]]></system-out>
  </testcase>
  <testcase name="Navigate and Click on Header Protocols" classname="com.qmetry.qaf.automation.step.client.Scenario" time="37.263">
    <system-out><![CDATA[Setting LambaTest Test Name : Chrome BDD - Test
==============  Step Name: Test-3  ==============
==============  Step Desc: And website is loaded  ==============
Website Loaded => Example Domain
==============  Step Name: Test-3  ==============
==============  Step Desc: When I Click on "Protocols"  ==============
no such element: Unable to locate element: {"method":"xpath","selector":"//*[contains(text(),'Protocols')]"}
  (Session info: chrome=136.0.7103.93)
For documentation on this error, please visit: https://www.selenium.dev/documentation/webdriver/troubleshooting/errors#no-such-element-exception
Build info: version: '4.30.0', revision: '509c7f17cc*'
System info: os.name: 'Mac OS X', os.arch: 'aarch64', os.version: '15.4.1', java.version: '11.0.27'
Driver info: com.qmetry.qaf.automation.ui.webdriver.QAFExtendedWebDriver
Command: [83da3d19436f4d877a6af887dea0e3ca, findElement {value=//*[contains(text(),'Protocols')], using=xpath}]
Capabilities {acceptInsecureCerts: false, browserName: chrome, browserVersion: 136.0.7103.93, chrome: {chromedriverVersion: 136.0.7103.93 (d15f7e0b7b45..., userDataDir: C:\Windows\SystemTemp\scope...}, fedcm:accounts: true, goog:chromeOptions: {debuggerAddress: localhost:9225}, networkConnectionEnabled: false, pageLoadStrategy: normal, platformName: windows, proxy: Proxy(), setWindowRect: true, strictFileInteractability: false, timeouts: {implicit: 0, pageLoad: 300000, script: 30000}, unhandledPromptBehavior: dismiss and notify, webauthn:extension:credBlob: true, webauthn:extension:largeBlob: true, webauthn:extension:minPinLength: true, webauthn:extension:prf: true, webauthn:virtualAuthenticators: true}
Session ID: 83da3d19436f4d877a6af887dea0e3ca
==============  Step Name: Test-3  ==============
==============  Step Desc: Then "Protocol Registries" is to be visible  ==============
Expected condition failed: waiting for visibility of element located by By.xpath: //*[contains(text(),'Protocol Registries')] (tried for 10 second(s) with 500 milliseconds interval)
Build info: version: '4.30.0', revision: '509c7f17cc*'
System info: os.name: 'Mac OS X', os.arch: 'aarch64', os.version: '15.4.1', java.version: '11.0.27'
Driver info: com.qmetry.qaf.automation.ui.webdriver.QAFExtendedWebDriver
Capabilities {acceptInsecureCerts: false, browserName: chrome, browserVersion: 136.0.7103.93, chrome: {chromedriverVersion: 136.0.7103.93 (d15f7e0b7b45..., userDataDir: C:\Windows\SystemTemp\scope...}, fedcm:accounts: true, goog:chromeOptions: {debuggerAddress: localhost:9225}, networkConnectionEnabled: false, pageLoadStrategy: normal, platformName: windows, proxy: Proxy(), setWindowRect: true, strictFileInteractability: false, timeouts: {implicit: 0, pageLoad: 300000, script: 30000}, unhandledPromptBehavior: dismiss and notify, webauthn:extension:credBlob: true, webauthn:extension:largeBlob: true, webauthn:extension:minPinLength: true, webauthn:extension:prf: true, webauthn:virtualAuthenticators: true}
Session ID: 83da3d19436f4d877a6af887dea0e3ca
]]></system-out>
  </testcase>
</testsuite>