<?xml version="1.0" encoding="UTF-8"?>
<testng-results ignored="0" total="4" passed="4" failed="0" skipped="0">
  <reporter-output>
  </reporter-output>
  <suite started-at="2025-05-09T19:14:46 IST" name="QAF Demo Serial" finished-at="2025-05-09T19:16:15 IST" duration-ms="88978">
    <groups>
      <group name="Domains">
        <method signature="resources.features.headers.feature.Navigate and Click on Header Domain()[pri:1000, instance:com.qmetry.qaf.automation.step.client.Scenario@3e8]" name="Navigate and Click on Header Domain" class="com.qmetry.qaf.automation.step.client.Scenario"/>
      </group> <!-- Domains -->
      <group name="Numbers">
        <method signature="resources.features.headers.feature.Navigate and Click on Header Numbers()[pri:1002, instance:com.qmetry.qaf.automation.step.client.Scenario@3ea]" name="Navigate and Click on Header Numbers" class="com.qmetry.qaf.automation.step.client.Scenario"/>
      </group> <!-- Numbers -->
      <group name="Protocols">
        <method signature="resources.features.headers.feature.Navigate and Click on Header Protocols()[pri:1001, instance:com.qmetry.qaf.automation.step.client.Scenario@3e9]" name="Navigate and Click on Header Protocols" class="com.qmetry.qaf.automation.step.client.Scenario"/>
      </group> <!-- Protocols -->
      <group name="Headers">
        <method signature="resources.features.headers.feature.Navigate and Click on Header Domain()[pri:1000, instance:com.qmetry.qaf.automation.step.client.Scenario@3e8]" name="Navigate and Click on Header Domain" class="com.qmetry.qaf.automation.step.client.Scenario"/>
        <method signature="resources.features.headers.feature.Navigate and Click on Header Protocols()[pri:1001, instance:com.qmetry.qaf.automation.step.client.Scenario@3e9]" name="Navigate and Click on Header Protocols" class="com.qmetry.qaf.automation.step.client.Scenario"/>
        <method signature="resources.features.headers.feature.Navigate and Click on Header Numbers()[pri:1002, instance:com.qmetry.qaf.automation.step.client.Scenario@3ea]" name="Navigate and Click on Header Numbers" class="com.qmetry.qaf.automation.step.client.Scenario"/>
        <method signature="resources.features.headers.feature.Navigate and Click on Header About()[pri:1003, instance:com.qmetry.qaf.automation.step.client.Scenario@3eb]" name="Navigate and Click on Header About" class="com.qmetry.qaf.automation.step.client.Scenario"/>
      </group> <!-- Headers -->
      <group name="About">
        <method signature="resources.features.headers.feature.Navigate and Click on Header About()[pri:1003, instance:com.qmetry.qaf.automation.step.client.Scenario@3eb]" name="Navigate and Click on Header About" class="com.qmetry.qaf.automation.step.client.Scenario"/>
      </group> <!-- About -->
    </groups>
    <test started-at="2025-05-09T19:14:46 IST" name="QAF-BDD-Test" finished-at="2025-05-09T19:16:15 IST" duration-ms="88978">
      <class name="com.qmetry.qaf.automation.step.client.Scenario">
        <test-method is-config="true" signature="setupSuit(org.testng.ITestContext)[pri:0, instance:com.qmetry.qaf.automation.step.client.Scenario@3eb]" started-at="2025-05-09T19:14:46 IST" name="setupSuit" test-instance-name="Navigate and Click on Header About" finished-at="2025-05-09T19:14:46 IST" duration-ms="4" status="PASS">
          <params>
            <param index="0">
              <value>
                <![CDATA[org.testng.TestRunner@7e19ebf0]]>
              </value>
            </param>
          </params>
          <reporter-output>
          </reporter-output>
        </test-method> <!-- setupSuit -->
        <test-method is-config="true" signature="setupTest(org.testng.ITestContext)[pri:0, instance:com.qmetry.qaf.automation.step.client.Scenario@3eb]" started-at="2025-05-09T19:14:46 IST" name="setupTest" test-instance-name="Navigate and Click on Header About" finished-at="2025-05-09T19:14:46 IST" duration-ms="1" status="PASS">
          <params>
            <param index="0">
              <value>
                <![CDATA[org.testng.TestRunner@7e19ebf0]]>
              </value>
            </param>
          </params>
          <reporter-output>
          </reporter-output>
        </test-method> <!-- setupTest -->
        <test-method is-config="true" signature="setup(org.testng.ITestContext)[pri:0, instance:com.qmetry.qaf.automation.step.client.Scenario@3eb]" started-at="2025-05-09T19:14:47 IST" name="setup" test-instance-name="Navigate and Click on Header About" finished-at="2025-05-09T19:14:47 IST" duration-ms="0" status="PASS">
          <params>
            <param index="0">
              <value>
                <![CDATA[org.testng.TestRunner@7e19ebf0]]>
              </value>
            </param>
          </params>
          <reporter-output>
          </reporter-output>
        </test-method> <!-- setup -->
        <test-method signature="Navigate and Click on Header About()[pri:1003, instance:com.qmetry.qaf.automation.step.client.Scenario@3eb]" started-at="2025-05-09T19:14:47 IST" name="Navigate and Click on Header About" test-instance-name="Navigate and Click on Header About" finished-at="2025-05-09T19:15:28 IST" duration-ms="41834" status="PASS">
          <reporter-output>
          </reporter-output>
        </test-method> <!-- Navigate and Click on Header About -->
        <test-method is-config="true" signature="setupMethod(java.lang.reflect.Method, org.testng.ITestContext)[pri:0, instance:com.qmetry.qaf.automation.step.client.Scenario@3eb]" started-at="2025-05-09T19:14:47 IST" name="setupMethod" test-instance-name="Navigate and Click on Header About" finished-at="2025-05-09T19:14:47 IST" duration-ms="0" status="PASS">
          <params>
            <param index="0">
              <value>
                <![CDATA[public void com.qmetry.qaf.automation.step.client.Scenario.scenario()]]>
              </value>
            </param>
            <param index="1">
              <value>
                <![CDATA[org.testng.TestRunner@7e19ebf0]]>
              </value>
            </param>
          </params>
          <reporter-output>
          </reporter-output>
        </test-method> <!-- setupMethod -->
        <test-method is-config="true" signature="afterMethod(org.testng.ITestContext, org.testng.ITestResult)[pri:0, instance:com.qmetry.qaf.automation.step.client.Scenario@3eb]" started-at="2025-05-09T19:15:28 IST" name="afterMethod" test-instance-name="Navigate and Click on Header About" finished-at="2025-05-09T19:15:28 IST" duration-ms="2" status="PASS">
          <params>
            <param index="0">
              <value>
                <![CDATA[org.testng.TestRunner@7e19ebf0]]>
              </value>
            </param>
            <param index="1">
              <value>
                <![CDATA[[TestResult name=Navigate and Click on Header About status=SUCCESS method=resources.features.headers.feature.Navigate and Click on Header About()[pri:1003, instance:com.qmetry.qaf.automation.step.client.Scenario@3eb] output={null}]]]>
              </value>
            </param>
          </params>
          <reporter-output>
          </reporter-output>
        </test-method> <!-- afterMethod -->
        <test-method is-config="true" signature="afterClass(org.testng.ITestContext)[pri:0, instance:com.qmetry.qaf.automation.step.client.Scenario@3eb]" started-at="2025-05-09T19:15:28 IST" name="afterClass" test-instance-name="Navigate and Click on Header About" finished-at="2025-05-09T19:15:28 IST" duration-ms="1" status="PASS">
          <params>
            <param index="0">
              <value>
                <![CDATA[org.testng.TestRunner@7e19ebf0]]>
              </value>
            </param>
          </params>
          <reporter-output>
          </reporter-output>
        </test-method> <!-- afterClass -->
        <test-method is-config="true" signature="setup(org.testng.ITestContext)[pri:0, instance:com.qmetry.qaf.automation.step.client.Scenario@3eb]" started-at="2025-05-09T19:15:28 IST" name="setup" test-instance-name="Navigate and Click on Header About" finished-at="2025-05-09T19:15:28 IST" duration-ms="0" status="PASS">
          <params>
            <param index="0">
              <value>
                <![CDATA[org.testng.TestRunner@7e19ebf0]]>
              </value>
            </param>
          </params>
          <reporter-output>
          </reporter-output>
        </test-method> <!-- setup -->
        <test-method signature="Navigate and Click on Header Numbers()[pri:1002, instance:com.qmetry.qaf.automation.step.client.Scenario@3ea]" started-at="2025-05-09T19:15:28 IST" name="Navigate and Click on Header Numbers" test-instance-name="Navigate and Click on Header Numbers" finished-at="2025-05-09T19:15:44 IST" duration-ms="15217" status="PASS">
          <reporter-output>
          </reporter-output>
        </test-method> <!-- Navigate and Click on Header Numbers -->
        <test-method is-config="true" signature="setupMethod(java.lang.reflect.Method, org.testng.ITestContext)[pri:0, instance:com.qmetry.qaf.automation.step.client.Scenario@3eb]" started-at="2025-05-09T19:15:28 IST" name="setupMethod" test-instance-name="Navigate and Click on Header About" finished-at="2025-05-09T19:15:28 IST" duration-ms="0" status="PASS">
          <params>
            <param index="0">
              <value>
                <![CDATA[public void com.qmetry.qaf.automation.step.client.Scenario.scenario()]]>
              </value>
            </param>
            <param index="1">
              <value>
                <![CDATA[org.testng.TestRunner@7e19ebf0]]>
              </value>
            </param>
          </params>
          <reporter-output>
          </reporter-output>
        </test-method> <!-- setupMethod -->
        <test-method is-config="true" signature="afterMethod(org.testng.ITestContext, org.testng.ITestResult)[pri:0, instance:com.qmetry.qaf.automation.step.client.Scenario@3eb]" started-at="2025-05-09T19:15:44 IST" name="afterMethod" test-instance-name="Navigate and Click on Header About" finished-at="2025-05-09T19:15:44 IST" duration-ms="1" status="PASS">
          <params>
            <param index="0">
              <value>
                <![CDATA[org.testng.TestRunner@7e19ebf0]]>
              </value>
            </param>
            <param index="1">
              <value>
                <![CDATA[[TestResult name=Navigate and Click on Header Numbers status=SUCCESS method=resources.features.headers.feature.Navigate and Click on Header Numbers()[pri:1002, instance:com.qmetry.qaf.automation.step.client.Scenario@3ea] output={null}]]]>
              </value>
            </param>
          </params>
          <reporter-output>
          </reporter-output>
        </test-method> <!-- afterMethod -->
        <test-method is-config="true" signature="setup(org.testng.ITestContext)[pri:0, instance:com.qmetry.qaf.automation.step.client.Scenario@3eb]" started-at="2025-05-09T19:15:44 IST" name="setup" test-instance-name="Navigate and Click on Header About" finished-at="2025-05-09T19:15:44 IST" duration-ms="0" status="PASS">
          <params>
            <param index="0">
              <value>
                <![CDATA[org.testng.TestRunner@7e19ebf0]]>
              </value>
            </param>
          </params>
          <reporter-output>
          </reporter-output>
        </test-method> <!-- setup -->
        <test-method is-config="true" signature="afterClass(org.testng.ITestContext)[pri:0, instance:com.qmetry.qaf.automation.step.client.Scenario@3eb]" started-at="2025-05-09T19:15:44 IST" name="afterClass" test-instance-name="Navigate and Click on Header About" finished-at="2025-05-09T19:15:44 IST" duration-ms="0" status="PASS">
          <params>
            <param index="0">
              <value>
                <![CDATA[org.testng.TestRunner@7e19ebf0]]>
              </value>
            </param>
          </params>
          <reporter-output>
          </reporter-output>
        </test-method> <!-- afterClass -->
        <test-method is-config="true" signature="setupMethod(java.lang.reflect.Method, org.testng.ITestContext)[pri:0, instance:com.qmetry.qaf.automation.step.client.Scenario@3eb]" started-at="2025-05-09T19:15:44 IST" name="setupMethod" test-instance-name="Navigate and Click on Header About" finished-at="2025-05-09T19:15:44 IST" duration-ms="1" status="PASS">
          <params>
            <param index="0">
              <value>
                <![CDATA[public void com.qmetry.qaf.automation.step.client.Scenario.scenario()]]>
              </value>
            </param>
            <param index="1">
              <value>
                <![CDATA[org.testng.TestRunner@7e19ebf0]]>
              </value>
            </param>
          </params>
          <reporter-output>
          </reporter-output>
        </test-method> <!-- setupMethod -->
        <test-method signature="Navigate and Click on Header Protocols()[pri:1001, instance:com.qmetry.qaf.automation.step.client.Scenario@3e9]" started-at="2025-05-09T19:15:44 IST" name="Navigate and Click on Header Protocols" test-instance-name="Navigate and Click on Header Protocols" finished-at="2025-05-09T19:16:01 IST" duration-ms="16916" status="PASS">
          <reporter-output>
          </reporter-output>
        </test-method> <!-- Navigate and Click on Header Protocols -->
        <test-method is-config="true" signature="afterMethod(org.testng.ITestContext, org.testng.ITestResult)[pri:0, instance:com.qmetry.qaf.automation.step.client.Scenario@3eb]" started-at="2025-05-09T19:16:01 IST" name="afterMethod" test-instance-name="Navigate and Click on Header About" finished-at="2025-05-09T19:16:01 IST" duration-ms="0" status="PASS">
          <params>
            <param index="0">
              <value>
                <![CDATA[org.testng.TestRunner@7e19ebf0]]>
              </value>
            </param>
            <param index="1">
              <value>
                <![CDATA[[TestResult name=Navigate and Click on Header Protocols status=SUCCESS method=resources.features.headers.feature.Navigate and Click on Header Protocols()[pri:1001, instance:com.qmetry.qaf.automation.step.client.Scenario@3e9] output={null}]]]>
              </value>
            </param>
          </params>
          <reporter-output>
          </reporter-output>
        </test-method> <!-- afterMethod -->
        <test-method is-config="true" signature="afterClass(org.testng.ITestContext)[pri:0, instance:com.qmetry.qaf.automation.step.client.Scenario@3eb]" started-at="2025-05-09T19:16:01 IST" name="afterClass" test-instance-name="Navigate and Click on Header About" finished-at="2025-05-09T19:16:01 IST" duration-ms="1" status="PASS">
          <params>
            <param index="0">
              <value>
                <![CDATA[org.testng.TestRunner@7e19ebf0]]>
              </value>
            </param>
          </params>
          <reporter-output>
          </reporter-output>
        </test-method> <!-- afterClass -->
        <test-method is-config="true" signature="setup(org.testng.ITestContext)[pri:0, instance:com.qmetry.qaf.automation.step.client.Scenario@3eb]" started-at="2025-05-09T19:16:01 IST" name="setup" test-instance-name="Navigate and Click on Header About" finished-at="2025-05-09T19:16:01 IST" duration-ms="1" status="PASS">
          <params>
            <param index="0">
              <value>
                <![CDATA[org.testng.TestRunner@7e19ebf0]]>
              </value>
            </param>
          </params>
          <reporter-output>
          </reporter-output>
        </test-method> <!-- setup -->
        <test-method is-config="true" signature="setupMethod(java.lang.reflect.Method, org.testng.ITestContext)[pri:0, instance:com.qmetry.qaf.automation.step.client.Scenario@3eb]" started-at="2025-05-09T19:16:01 IST" name="setupMethod" test-instance-name="Navigate and Click on Header About" finished-at="2025-05-09T19:16:01 IST" duration-ms="0" status="PASS">
          <params>
            <param index="0">
              <value>
                <![CDATA[public void com.qmetry.qaf.automation.step.client.Scenario.scenario()]]>
              </value>
            </param>
            <param index="1">
              <value>
                <![CDATA[org.testng.TestRunner@7e19ebf0]]>
              </value>
            </param>
          </params>
          <reporter-output>
          </reporter-output>
        </test-method> <!-- setupMethod -->
        <test-method signature="Navigate and Click on Header Domain()[pri:1000, instance:com.qmetry.qaf.automation.step.client.Scenario@3e8]" started-at="2025-05-09T19:16:01 IST" name="Navigate and Click on Header Domain" test-instance-name="Navigate and Click on Header Domain" finished-at="2025-05-09T19:16:15 IST" duration-ms="14518" status="PASS">
          <reporter-output>
          </reporter-output>
        </test-method> <!-- Navigate and Click on Header Domain -->
        <test-method is-config="true" signature="afterClass(org.testng.ITestContext)[pri:0, instance:com.qmetry.qaf.automation.step.client.Scenario@3eb]" started-at="2025-05-09T19:16:15 IST" name="afterClass" test-instance-name="Navigate and Click on Header About" finished-at="2025-05-09T19:16:15 IST" duration-ms="0" status="PASS">
          <params>
            <param index="0">
              <value>
                <![CDATA[org.testng.TestRunner@7e19ebf0]]>
              </value>
            </param>
          </params>
          <reporter-output>
          </reporter-output>
        </test-method> <!-- afterClass -->
        <test-method is-config="true" signature="afterMethod(org.testng.ITestContext, org.testng.ITestResult)[pri:0, instance:com.qmetry.qaf.automation.step.client.Scenario@3eb]" started-at="2025-05-09T19:16:15 IST" name="afterMethod" test-instance-name="Navigate and Click on Header About" finished-at="2025-05-09T19:16:15 IST" duration-ms="0" status="PASS">
          <params>
            <param index="0">
              <value>
                <![CDATA[org.testng.TestRunner@7e19ebf0]]>
              </value>
            </param>
            <param index="1">
              <value>
                <![CDATA[[TestResult name=Navigate and Click on Header Domain status=SUCCESS method=resources.features.headers.feature.Navigate and Click on Header Domain()[pri:1000, instance:com.qmetry.qaf.automation.step.client.Scenario@3e8] output={null}]]]>
              </value>
            </param>
          </params>
          <reporter-output>
          </reporter-output>
        </test-method> <!-- afterMethod -->
        <test-method is-config="true" signature="afterTest(org.testng.ITestContext)[pri:0, instance:com.qmetry.qaf.automation.step.client.Scenario@3eb]" started-at="2025-05-09T19:16:15 IST" name="afterTest" test-instance-name="Navigate and Click on Header About" finished-at="2025-05-09T19:16:15 IST" duration-ms="447" status="PASS">
          <params>
            <param index="0">
              <value>
                <![CDATA[org.testng.TestRunner@7e19ebf0]]>
              </value>
            </param>
          </params>
          <reporter-output>
          </reporter-output>
        </test-method> <!-- afterTest -->
      </class> <!-- com.qmetry.qaf.automation.step.client.Scenario -->
    </test> <!-- QAF-BDD-Test -->
  </suite> <!-- QAF Demo Serial -->
</testng-results>
