<?xml version="1.0" encoding="UTF-8"?>
<testsuite xmlns:xsi="http://www.w3.org/2001/XMLSchema-instance" xsi:noNamespaceSchemaLocation="https://maven.apache.org/surefire/maven-surefire-plugin/xsd/surefire-test-report.xsd" version="3.0.1" name="TestSuite" time="34.076" tests="6" errors="0" skipped="3" failures="0">
  <properties>
[...]
</properties>
  <testcase name="setup[safari](0)" classname="com.bandwidth.CrossBrowserTest" time="0.0">
    <skipped message="Driver is NULL. Execution skipped"/>
    <system-out><![CDATA[...
... TestNG 7.8.0 by Cédric Beust (cedric@beust.com)
...

firefox
edge
chrome
safari
--- Safari is only supported on macOS ---
]]></system-out>
    <system-err><![CDATA[SLF4J: Failed to load class "org.slf4j.impl.StaticLoggerBinder".
SLF4J: Defaulting to no-operation (NOP) logger implementation
SLF4J: See http://www.slf4j.org/codes.html#StaticLoggerBinder for further details.
]]></system-err>
  </testcase>
  <testcase name="launchSiteAndClick" classname="com.bandwidth.CrossBrowserTest" time="0.0">
    <skipped message="Driver is NULL. Execution skipped"/>
  </testcase>
  <testcase name="launchSiteAndClick" classname="com.bandwidth.CrossBrowserTest" time="15.334">
    <system-err><![CDATA[Apr 23, 2025 5:04:41 PM org.openqa.selenium.remote.tracing.opentelemetry.OpenTelemetryTracer createTracer
INFO: Using OpenTelemetry for tracing
]]></system-err>
  </testcase>
  <testcase name="launchSiteAndClick" classname="com.bandwidth.CrossBrowserTest" time="16.624"/>
  <testcase name="launchSiteAndClick" classname="com.bandwidth.CrossBrowserTest" time="19.821"/>
  <testcase name="tearDown" classname="com.bandwidth.CrossBrowserTest" time="0.0">
    <skipped/>
  </testcase>
</testsuite>