<?xml version="1.0" encoding="UTF-8"?>
<testng-results ignored="0" total="1" passed="1" failed="0" skipped="0">
  <reporter-output>
  </reporter-output>
  <suite started-at="2025-04-18T11:17:50 IST" name="CrossBrowserSuite" finished-at="2025-04-18T11:19:50 IST" duration-ms="119414">
    <groups>
    </groups>
    <test started-at="2025-04-18T11:17:50 IST" name="SafariTest" finished-at="2025-04-18T11:19:50 IST" duration-ms="119414">
      <class name="com.bandwidth.CrossBrowserTest">
        <test-method is-config="true" signature="setup(java.lang.String)[pri:0, instance:com.bandwidth.CrossBrowserTest@1ffaf86]" started-at="2025-04-18T11:17:51 IST" name="setup" finished-at="2025-04-18T11:18:42 IST" duration-ms="51089" status="PASS">
          <params>
            <param index="0">
              <value>
                <![CDATA[safari]]>
              </value>
            </param>
          </params>
          <reporter-output>
          </reporter-output>
        </test-method> <!-- setup -->
        <test-method signature="launchSiteAndClick()[pri:0, instance:com.bandwidth.CrossBrowserTest@1ffaf86]" started-at="2025-04-18T11:18:42 IST" name="launchSiteAndClick" finished-at="2025-04-18T11:19:49 IST" duration-ms="67885" status="PASS">
          <reporter-output>
          </reporter-output>
        </test-method> <!-- launchSiteAndClick -->
        <test-method is-config="true" signature="tearDown()[pri:0, instance:com.bandwidth.CrossBrowserTest@1ffaf86]" started-at="2025-04-18T11:19:49 IST" name="tearDown" finished-at="2025-04-18T11:19:50 IST" duration-ms="384" status="PASS">
          <reporter-output>
          </reporter-output>
        </test-method> <!-- tearDown -->
      </class> <!-- com.bandwidth.CrossBrowserTest -->
    </test> <!-- SafariTest -->
  </suite> <!-- CrossBrowserSuite -->
</testng-results>
